<?xml version="1.0" encoding="UTF-8"?>
<!-- Generated by org.testng.reporters.JUnitReportReporter -->
<testsuite hostname="LAPTOP-4LOTHOPO" failures="0" tests="4" name="testNG.parallelthread" time="0.100" errors="0" timestamp="2022-09-12T17:16:34 IST" skipped="0">
  <testcase classname="testNG.parallelthread" name="f" time="0.029"/>
  <system-out/>
  <testcase classname="testNG.parallelthread" name="h" time="0.016"/>
  <system-out/>
  <testcase classname="testNG.parallelthread" name="sr" time="0.039"/>
  <system-out/>
  <testcase classname="testNG.parallelthread" name="s" time="0.016"/>
  <system-out/>
</testsuite> <!-- testNG.parallelthread -->
