<?xml version="1.0" encoding="UTF-8"?>
<!-- Generated by org.testng.reporters.JUnitReportReporter -->
<testsuite hostname="LAPTOP-4LOTHOPO" failures="0" tests="3" name="testNG.grouping" time="0.037" errors="0" timestamp="2022-09-13T11:23:28 IST" skipped="0">
  <testcase classname="testNG.grouping" name="b" time="0.023"/>
  <system-out/>
  <testcase classname="testNG.grouping" name="d" time="0.005"/>
  <system-out/>
  <testcase classname="testNG.grouping" name="e" time="0.009"/>
  <system-out/>
</testsuite> <!-- testNG.grouping -->
