<?xml version="1.0" encoding="UTF-8"?>
<!-- Generated by org.testng.reporters.JUnitReportReporter -->
<testsuite hostname="LAPTOP-4LOTHOPO" failures="0" tests="2" name="testNG.parallelthread3" time="0.037" errors="0" timestamp="2022-09-12T17:16:34 IST" skipped="0">
  <testcase classname="testNG.parallelthread3" name="f" time="0.028"/>
  <system-out/>
  <testcase classname="testNG.parallelthread3" name="q" time="0.009"/>
  <system-out/>
</testsuite> <!-- testNG.parallelthread3 -->
