<?xml version="1.0" encoding="UTF-8"?>
<!-- Generated by org.testng.reporters.JUnitReportReporter -->
<testsuite hostname="LAPTOP-4LOTHOPO" failures="0" tests="2" name="testNG.parallelthread2" time="0.031" errors="0" timestamp="2022-09-12T17:16:34 IST" skipped="0">
  <testcase classname="testNG.parallelthread2" name="x" time="0.007"/>
  <system-out/>
  <testcase classname="testNG.parallelthread2" name="f" time="0.024"/>
  <system-out/>
</testsuite> <!-- testNG.parallelthread2 -->
