<?xml version="1.0" encoding="UTF-8"?>
<!-- Generated by org.testng.reporters.JUnitReportReporter -->
<testsuite hostname="LAPTOP-4LOTHOPO" failures="0" tests="3" name="testNG.anno1" time="0.025" errors="0" timestamp="2022-09-12T17:10:33 IST" skipped="0">
  <testcase classname="testNG.anno1" name="c" time="0.006"/>
  <system-out/>
  <testcase classname="testNG.anno1" name="d" time="0.007"/>
  <system-out/>
  <testcase classname="testNG.anno1" name="b" time="0.012"/>
  <system-out/>
</testsuite> <!-- testNG.anno1 -->
