<?xml version="1.0" encoding="UTF-8"?>
<!-- Generated by org.testng.reporters.JUnitReportReporter -->
<testsuite hostname="LAPTOP-4LOTHOPO" failures="0" tests="1" name="testNG.anno4" time="0.029" errors="0" timestamp="2022-09-12T17:10:33 IST" skipped="0">
  <testcase classname="testNG.anno4" name="w" time="0.029"/>
  <system-out/>
</testsuite> <!-- testNG.anno4 -->
