<?xml version="1.0" encoding="UTF-8"?>
<!-- Generated by org.testng.reporters.JUnitReportReporter -->
<testsuite hostname="LAPTOP-4LOTHOPO" failures="0" tests="4" name="testNG.Testng1" time="0.104" errors="0" timestamp="2022-09-01T17:31:01 IST" skipped="0">
  <testcase classname="testNG.Testng1" name="c" time="0.048"/>
  <system-out/>
  <testcase classname="testNG.Testng1" name="d" time="0.008"/>
  <system-out/>
  <testcase classname="testNG.Testng1" name="b" time="0.032"/>
  <system-out/>
  <testcase classname="testNG.Testng1" name="a" time="0.016"/>
  <system-out/>
</testsuite> <!-- testNG.Testng1 -->
